2015-03-26 01:23:54.140 be loyal[7807:240861] Apache Cordova native platform version 3.8.0 is starting.
2015-03-26 01:23:54.141 be loyal[7807:240861] Multi-tasking -> Device: YES, App: YES
2015-03-26 01:23:54.143 be loyal[7807:240861] Unlimited access to network resources
2015-03-26 01:23:54.147 be loyal[7807:240861] 

Started backup to iCloud! Please be careful.
Your application might be rejected by Apple if you store too much data.
For more information please read "iOS Data Storage Guidelines" at:
https://developer.apple.com/icloud/documentation/data-storage/
To disable web storage backup to iCloud, set the BackupWebStorage preference to "local" in the Cordova config.xml file

2015-03-26 01:23:54.418 be loyal[7807:240861] Resetting plugins due to page load.
2015-03-26 01:23:54.782 be loyal[7807:240861] Finished load of: file:///Users/aldaypinheiro/Library/Developer/CoreSimulator/Devices/90CD5B71-B5F2-4474-AB74-563251D11A76/data/Containers/Bundle/Application/3880FFA8-361C-428F-BED3-2A246280962C/be%20loyal.app/www/index.html
2015-03-26 01:27:46.872 be loyal[7807:243977] Terminating since there is no system app.
2015-03-26 01:30:25.931 be loyal[8480:246755] Apache Cordova native platform version 3.8.0 is starting.
2015-03-26 01:30:25.932 be loyal[8480:246755] Multi-tasking -> Device: YES, App: YES
2015-03-26 01:30:25.948 be loyal[8480:246755] Unlimited access to network resources
2015-03-26 01:30:25.965 be loyal[8480:246755] 

Started backup to iCloud! Please be careful.
Your application might be rejected by Apple if you store too much data.
For more information please read "iOS Data Storage Guidelines" at:
https://developer.apple.com/icloud/documentation/data-storage/
To disable web storage backup to iCloud, set the BackupWebStorage preference to "local" in the Cordova config.xml file

2015-03-26 01:30:26.650 be loyal[8480:246755] Resetting plugins due to page load.
2015-03-26 01:30:27.132 be loyal[8480:246755] Finished load of: file:///Users/aldaypinheiro/Library/Developer/CoreSimulator/Devices/90CD5B71-B5F2-4474-AB74-563251D11A76/data/Containers/Bundle/Application/9ADD8A71-D6A0-450A-AFFB-C5DD84E9DAB7/be%20loyal.app/www/index.html
2015-03-26 09:41:41.782 be loyal[834:25594] Apache Cordova native platform version 3.8.0 is starting.
2015-03-26 09:41:41.784 be loyal[834:25594] Multi-tasking -> Device: YES, App: YES
2015-03-26 09:41:41.806 be loyal[834:25594] Unlimited access to network resources
2015-03-26 09:41:41.819 be loyal[834:25594] 

Started backup to iCloud! Please be careful.
Your application might be rejected by Apple if you store too much data.
For more information please read "iOS Data Storage Guidelines" at:
https://developer.apple.com/icloud/documentation/data-storage/
To disable web storage backup to iCloud, set the BackupWebStorage preference to "local" in the Cordova config.xml file

2015-03-26 09:41:42.515 be loyal[834:25594] Resetting plugins due to page load.
2015-03-26 09:41:43.022 be loyal[834:25594] Finished load of: file:///Users/aldaypinheiro/Library/Developer/CoreSimulator/Devices/90CD5B71-B5F2-4474-AB74-563251D11A76/data/Containers/Bundle/Application/BC1478D5-2413-43BF-8E57-F3B983434AEB/be%20loyal.app/www/index.html
2015-03-26 10:30:04.961 be loyal[1430:56284] Apache Cordova native platform version 3.8.0 is starting.
2015-03-26 10:30:04.964 be loyal[1430:56284] Multi-tasking -> Device: YES, App: YES
2015-03-26 10:30:04.980 be loyal[1430:56284] Unlimited access to network resources
2015-03-26 10:30:04.993 be loyal[1430:56284] 

Started backup to iCloud! Please be careful.
Your application might be rejected by Apple if you store too much data.
For more information please read "iOS Data Storage Guidelines" at:
https://developer.apple.com/icloud/documentation/data-storage/
To disable web storage backup to iCloud, set the BackupWebStorage preference to "local" in the Cordova config.xml file

2015-03-26 10:30:05.670 be loyal[1430:56284] Resetting plugins due to page load.
2015-03-26 10:30:06.175 be loyal[1430:56284] Finished load of: file:///Users/aldaypinheiro/Library/Developer/CoreSimulator/Devices/90CD5B71-B5F2-4474-AB74-563251D11A76/data/Containers/Bundle/Application/A8F11CEB-3667-4756-B706-154D162ABED9/be%20loyal.app/www/index.html
2015-03-26 11:07:15.794 be loyal[2996:76340] Apache Cordova native platform version 3.8.0 is starting.
2015-03-26 11:07:15.795 be loyal[2996:76340] Multi-tasking -> Device: YES, App: YES
2015-03-26 11:07:15.814 be loyal[2996:76340] Unlimited access to network resources
2015-03-26 11:07:15.829 be loyal[2996:76340] 

Started backup to iCloud! Please be careful.
Your application might be rejected by Apple if you store too much data.
For more information please read "iOS Data Storage Guidelines" at:
https://developer.apple.com/icloud/documentation/data-storage/
To disable web storage backup to iCloud, set the BackupWebStorage preference to "local" in the Cordova config.xml file

2015-03-26 11:07:16.574 be loyal[2996:76340] Resetting plugins due to page load.
2015-03-26 11:07:17.106 be loyal[2996:76340] Finished load of: file:///Users/aldaypinheiro/Library/Developer/CoreSimulator/Devices/90CD5B71-B5F2-4474-AB74-563251D11A76/data/Containers/Bundle/Application/4E669655-C667-4777-A5A4-AC46B2F43E5B/be%20loyal.app/www/index.html
2015-04-16 09:54:53.350 be loyal[8034:429949] Apache Cordova native platform version 3.8.0 is starting.
2015-04-16 09:54:53.352 be loyal[8034:429949] Multi-tasking -> Device: YES, App: YES
2015-04-16 09:54:53.371 be loyal[8034:429949] Unlimited access to network resources
2015-04-16 09:54:53.382 be loyal[8034:429949] 

Started backup to iCloud! Please be careful.
Your application might be rejected by Apple if you store too much data.
For more information please read "iOS Data Storage Guidelines" at:
https://developer.apple.com/icloud/documentation/data-storage/
To disable web storage backup to iCloud, set the BackupWebStorage preference to "local" in the Cordova config.xml file

2015-04-16 09:54:54.033 be loyal[8034:429949] Resetting plugins due to page load.
2015-04-16 09:54:54.496 be loyal[8034:429949] Finished load of: file:///Users/aldaypinheiro/Library/Developer/CoreSimulator/Devices/90CD5B71-B5F2-4474-AB74-563251D11A76/data/Containers/Bundle/Application/0C5D9A4C-8D20-4158-A65A-3CCEFC304397/be%20loyal.app/www/index.html
2015-04-16 09:55:54.922 be loyal[8178:430826] Apache Cordova native platform version 3.8.0 is starting.
2015-04-16 09:55:54.923 be loyal[8178:430826] Multi-tasking -> Device: YES, App: YES
2015-04-16 09:55:54.925 be loyal[8178:430826] Unlimited access to network resources
2015-04-16 09:55:54.928 be loyal[8178:430826] 

Started backup to iCloud! Please be careful.
Your application might be rejected by Apple if you store too much data.
For more information please read "iOS Data Storage Guidelines" at:
https://developer.apple.com/icloud/documentation/data-storage/
To disable web storage backup to iCloud, set the BackupWebStorage preference to "local" in the Cordova config.xml file

2015-04-16 09:55:55.091 be loyal[8178:430826] Resetting plugins due to page load.
2015-04-16 09:55:55.420 be loyal[8178:430826] Finished load of: file:///Users/aldaypinheiro/Library/Developer/CoreSimulator/Devices/90CD5B71-B5F2-4474-AB74-563251D11A76/data/Containers/Bundle/Application/ADB2E548-BE9F-4104-81E9-85C045CE12DA/be%20loyal.app/www/index.html
